<?xml version="1.0" encoding="UTF-8"?>
<testng-results skipped="0" failed="0" ignored="0" total="2" passed="2">
  <reporter-output>
  </reporter-output>
  <suite name="Default suite" duration-ms="82304" started-at="2019-12-13T09:50:36 CET" finished-at="2019-12-13T09:51:58 CET">
    <groups>
    </groups>
    <test name="Default test" duration-ms="82304" started-at="2019-12-13T09:50:36 CET" finished-at="2019-12-13T09:51:58 CET">
      <class name="Tests.TravelCustomerTest">
        <test-method status="PASS" signature="setup()[pri:0, instance:Tests.TravelCustomerTest@3701eaf6]" name="setup" is-config="true" duration-ms="4196" started-at="2019-12-13T09:50:36 CET" finished-at="2019-12-13T09:50:40 CET">
          <reporter-output>
          </reporter-output>
        </test-method> <!-- setup -->
        <test-method status="PASS" signature="loginTest()[pri:0, instance:Tests.TravelCustomerTest@3701eaf6]" name="loginTest" duration-ms="18700" started-at="2019-12-13T09:50:40 CET" finished-at="2019-12-13T09:50:59 CET">
          <reporter-output>
          </reporter-output>
        </test-method> <!-- loginTest -->
        <test-method status="PASS" signature="extras()[pri:0, instance:Tests.TravelCustomerTest@3701eaf6]" name="extras" duration-ms="59369" started-at="2019-12-13T09:50:59 CET" finished-at="2019-12-13T09:51:58 CET">
          <reporter-output>
          </reporter-output>
        </test-method> <!-- extras -->
        <test-method status="PASS" signature="quit()[pri:0, instance:Tests.TravelCustomerTest@3701eaf6]" name="quit" is-config="true" duration-ms="1" started-at="2019-12-13T09:51:58 CET" finished-at="2019-12-13T09:51:58 CET">
          <reporter-output>
          </reporter-output>
        </test-method> <!-- quit -->
      </class> <!-- Tests.TravelCustomerTest -->
    </test> <!-- Default test -->
  </suite> <!-- Default suite -->
</testng-results>
